Build started 11/08/2015 04:17:44 p.m..
     1>Project "C:\Users\O23002\Documents\tp2\ObstaculosParedes\ObstaculosParedes.vcxproj" on node 2 (Build target(s)).
     1>ClCompile:
         C:\Program Files (x86)\Microsoft Visual Studio 12.0\VC\bin\CL.exe /c /IC:\Users\O23002\Documents\tp2\\Libreria\includes\ /ZI /nologo /W3 /WX- /Od /Oy- /D SFML_STATIC /D WIN32 /D _DEBUG /D _CONSOLE /D _UNICODE /D UNICODE /Gm /EHsc /RTC1 /MDd /GS /fp:precise /Zc:wchar_t /Zc:forScope /Fo"Debug\\" /Fd"Debug\vc120.pdb" /Gd /TP /analyze- /errorReport:prompt "Comida!.cpp" MiGame.cpp
         Comida!.cpp
         Generating Code...
         Compiling...
         MiGame.cpp
     1>c:\users\o23002\documents\tp2\obstaculosparedes\migame.cpp(122): warning C4305: '=' : truncation from 'double' to 'float32'
     1>c:\users\o23002\documents\tp2\obstaculosparedes\migame.cpp(159): warning C4018: '<' : signed/unsigned mismatch
     1>c:\users\o23002\documents\tp2\obstaculosparedes\migame.cpp(162): warning C4018: '<' : signed/unsigned mismatch
     1>c:\users\o23002\documents\tp2\obstaculosparedes\migame.cpp(211): warning C4018: '<' : signed/unsigned mismatch
     1>c:\users\o23002\documents\tp2\obstaculosparedes\migame.cpp(214): warning C4018: '<' : signed/unsigned mismatch
         Generating Code...
         C:\Program Files (x86)\Microsoft Visual Studio 12.0\VC\bin\CL.exe /c /IC:\Users\O23002\Documents\tp2\\Libreria\includes\ /ZI /nologo /W3 /WX- /Od /Oy- /D SFML_STATIC /D WIN32 /D _DEBUG /D _CONSOLE /D _UNICODE /D UNICODE /Gm /EHsc /RTC1 /MDd /GS /fp:precise /Zc:wchar_t /Zc:forScope /Fo"Debug\\" /Fd"Debug\vc120.pdb" /Gd /TP /analyze- /errorReport:prompt Zombie.cpp ZombieState.cpp
         ZombieState.cpp
         Zombie.cpp
         Generating Code...
       Link:
         C:\Program Files (x86)\Microsoft Visual Studio 12.0\VC\bin\link.exe /ERRORREPORT:PROMPT /OUT:"C:\Users\O23002\Documents\tp2\Debug\ObstaculosParedes.exe" /INCREMENTAL /NOLOGO /LIBPATH:C:\Users\O23002\Documents\tp2\Libreria\lib\Debug /LIBPATH:\vc2013 /LIBPATH:\vc2013 "State_Pattern_Framework_VS2013-d.lib" "sfml-graphics-s-d.lib" "sfml-main-d.lib" "sfml-system-s-d.lib" "sfml-window-s-d.lib" "Box2D-d.lib" kernel32.lib user32.lib gdi32.lib winspool.lib comdlg32.lib advapi32.lib shell32.lib ole32.lib oleaut32.lib uuid.lib odbc32.lib odbccp32.lib /MANIFEST /MANIFESTUAC:"level='asInvoker' uiAccess='false'" /manifest:embed /DEBUG /PDB:"C:\Users\O23002\Documents\tp2\Debug\ObstaculosParedes.pdb" /SUBSYSTEM:CONSOLE /TLBID:1 /DYNAMICBASE /NXCOMPAT /IMPLIB:"C:\Users\O23002\Documents\tp2\Debug\ObstaculosParedes.lib" /MACHINE:X86 "Debug\Comida!.obj"
         Debug\MiGame.obj
         Debug\Zombie.obj
         Debug\ZombieState.obj
         ObstaculosParedes.vcxproj -> C:\Users\O23002\Documents\tp2\Debug\ObstaculosParedes.exe
     1>Done Building Project "C:\Users\O23002\Documents\tp2\ObstaculosParedes\ObstaculosParedes.vcxproj" (Build target(s)).

Build succeeded.

Time Elapsed 00:00:02.75
