c:\users\leandro\desktop\nueva carpeta (2)\ejemplos_steeringbehaviors_2014\ejemplos_steeringbehaviors\codigofuenteejemplos\interceptarevadir\debug\vc120.pdb
c:\users\leandro\desktop\nueva carpeta (2)\ejemplos_steeringbehaviors_2014\ejemplos_steeringbehaviors\codigofuenteejemplos\interceptarevadir\debug\vc120.idb
c:\users\leandro\desktop\nueva carpeta (2)\ejemplos_steeringbehaviors_2014\ejemplos_steeringbehaviors\codigofuenteejemplos\interceptarevadir\debug\comida!.obj
c:\users\leandro\desktop\nueva carpeta (2)\ejemplos_steeringbehaviors_2014\ejemplos_steeringbehaviors\codigofuenteejemplos\interceptarevadir\debug\migame.obj
c:\users\leandro\desktop\nueva carpeta (2)\ejemplos_steeringbehaviors_2014\ejemplos_steeringbehaviors\codigofuenteejemplos\debug\interceptarevadir.ilk
c:\users\leandro\desktop\nueva carpeta (2)\ejemplos_steeringbehaviors_2014\ejemplos_steeringbehaviors\codigofuenteejemplos\debug\interceptarevadir.exe
c:\users\leandro\desktop\nueva carpeta (2)\ejemplos_steeringbehaviors_2014\ejemplos_steeringbehaviors\codigofuenteejemplos\debug\interceptarevadir.pdb
c:\users\o23002\documents\tp2\interceptarevadir\debug\comida!.obj
c:\users\o23002\documents\tp2\interceptarevadir\debug\migame.obj
c:\users\o23002\documents\tp2\interceptarevadir\debug\vc120.idb
c:\users\o23002\documents\tp2\interceptarevadir\debug\vc120.pdb
c:\users\o23002\documents\tp2\debug\interceptarevadir.pdb
c:\users\o23002\documents\tp2\debug\interceptarevadir.exe
c:\users\o23002\documents\tp2\debug\interceptarevadir.ilk
c:\users\o23002\documents\tp2\interceptarevadir\debug\intercep.d849444b.tlog\cl.command.1.tlog
c:\users\o23002\documents\tp2\interceptarevadir\debug\intercep.d849444b.tlog\cl.read.1.tlog
c:\users\o23002\documents\tp2\interceptarevadir\debug\intercep.d849444b.tlog\cl.write.1.tlog
c:\users\o23002\documents\tp2\interceptarevadir\debug\intercep.d849444b.tlog\link.command.1.tlog
c:\users\o23002\documents\tp2\interceptarevadir\debug\intercep.d849444b.tlog\link.read.1.tlog
c:\users\o23002\documents\tp2\interceptarevadir\debug\intercep.d849444b.tlog\link.write.1.tlog
